INFO:     Started server process [10100]
INFO:     Waiting for application startup.
2026-07-07 09:54:22,065 INFO engine.wiring.vault_watchdog_server_wiring: vault watcher ON over C:\dev\Omni-e2e\apps\ui\e2e\fixtures\vault (500 ms debounce)
2026-07-07 09:54:38,766 INFO numexpr.utils: Note: NumExpr detected 22 cores but "NUMEXPR_MAX_THREADS" not set, so enforcing safe limit of 16.
2026-07-07 09:54:38,766 INFO numexpr.utils: NumExpr defaulting to 16 threads.
[NeMo W 2026-07-07 09:54:41 megatron_init:62] Megatron num_microbatches_calculator not found, using Apex version.
W0707 09:54:41.556000 10100 Lib\site-packages\torch\distributed\elastic\multiprocessing\redirects.py:29] NOTE: Redirects are currently not supported in Windows or MacOs.
2026-07-07 09:54:42,337 WARNING nv_one_logger.api.config: OneLogger: Setting error_handling_strategy to DISABLE_QUIETLY_AND_REPORT_METRIC_ERROR for rank (rank=0) with OneLogger disabled. To override: explicitly set error_handling_strategy parameter.
2026-07-07 09:54:42,359 INFO nv_one_logger.exporter.export_config_manager: Final configuration contains 0 exporter(s)
2026-07-07 09:54:42,363 WARNING nv_one_logger.training_telemetry.api.training_telemetry_provider: No exporters were provided. This means that no telemetry data will be collected.
W0707 09:54:47.147000 10100 Lib\site-packages\torch\utils\flop_counter.py:29] triton not found; flop counting will not work for triton kernels
INFO:     Application startup complete.
2026-07-07 09:54:47,443 ERROR engine.stt.live_capture_service: STT model preload failed; stt_ready stays false
Traceback (most recent call last):
  File "C:\dev\Omni-e2e\engine\stt\live_capture_service.py", line 142, in preload_models
    await self._models.ensure_loaded()
  File "C:\dev\Omni-e2e\engine\stt\capture_model_loading.py", line 84, in ensure_loaded
    await asyncio.to_thread(self.transcriber.load)
  File "C:\Users\alexa\AppData\Roaming\uv\python\cpython-3.11-windows-x86_64-none\Lib\asyncio\threads.py", line 25, in to_thread
    return await loop.run_in_executor(None, func_call)
           ^^^^^^^^^^^^^^^^^^^^^^^^^^^^^^^^^^^^^^^^^^^
  File "C:\Users\alexa\AppData\Roaming\uv\python\cpython-3.11-windows-x86_64-none\Lib\concurrent\futures\thread.py", line 58, in run
    result = self.fn(*self.args, **self.kwargs)
             ^^^^^^^^^^^^^^^^^^^^^^^^^^^^^^^^^^
  File "C:\dev\Omni-e2e\engine\stt\parakeet_nemo_transcriber.py", line 86, in load
    self._load_onto(device)
  File "C:\dev\Omni-e2e\engine\stt\parakeet_nemo_transcriber.py", line 132, in _load_onto
    model = nemo_asr.models.ASRModel.restore_from(
            ^^^^^^^^^^^^^^^^^^^^^^^^^^^^^^^^^^^^^^
  File "C:\dev\Omni\.venv\Lib\site-packages\nemo\core\classes\modelPT.py", line 501, in restore_from
    instance = cls._save_restore_connector.restore_from(
               ^^^^^^^^^^^^^^^^^^^^^^^^^^^^^^^^^^^^^^^^^
  File "C:\dev\Omni\.venv\Lib\site-packages\nemo\core\connectors\save_restore_connector.py", line 270, in restore_from
    loaded_params = self.load_config_and_state_dict(
                    ^^^^^^^^^^^^^^^^^^^^^^^^^^^^^^^^
  File "C:\dev\Omni\.venv\Lib\site-packages\nemo\core\connectors\save_restore_connector.py", line 157, in load_config_and_state_dict
    members = self._filtered_tar_info(restore_path, filter_fn=filter_fn)
              ^^^^^^^^^^^^^^^^^^^^^^^^^^^^^^^^^^^^^^^^^^^^^^^^^^^^^^^^^^
  File "C:\dev\Omni\.venv\Lib\site-packages\nemo\core\connectors\save_restore_connector.py", line 659, in _filtered_tar_info
    with SaveRestoreConnector._tar_open(tar_path) as tar:
  File "C:\Users\alexa\AppData\Roaming\uv\python\cpython-3.11-windows-x86_64-none\Lib\contextlib.py", line 137, in __enter__
    return next(self.gen)
           ^^^^^^^^^^^^^^
  File "C:\dev\Omni\.venv\Lib\site-packages\nemo\core\connectors\save_restore_connector.py", line 698, in _tar_open
    tar = tarfile.open(path2file, tar_header)
          ^^^^^^^^^^^^^^^^^^^^^^^^^^^^^^^^^^^
  File "C:\Users\alexa\AppData\Roaming\uv\python\cpython-3.11-windows-x86_64-none\Lib\tarfile.py", line 1874, in open
    return func(name, filemode, fileobj, **kwargs)
           ^^^^^^^^^^^^^^^^^^^^^^^^^^^^^^^^^^^^^^^
  File "C:\Users\alexa\AppData\Roaming\uv\python\cpython-3.11-windows-x86_64-none\Lib\tarfile.py", line 1927, in gzopen
    t = cls.taropen(name, mode, fileobj, **kwargs)
        ^^^^^^^^^^^^^^^^^^^^^^^^^^^^^^^^^^^^^^^^^^
  File "C:\Users\alexa\AppData\Roaming\uv\python\cpython-3.11-windows-x86_64-none\Lib\tarfile.py", line 1904, in taropen
    return cls(name, mode, fileobj, **kwargs)
           ^^^^^^^^^^^^^^^^^^^^^^^^^^^^^^^^^^
  File "C:\Users\alexa\AppData\Roaming\uv\python\cpython-3.11-windows-x86_64-none\Lib\tarfile.py", line 1764, in __init__
    self.firstmember = self.next()
                       ^^^^^^^^^^^
  File "C:\Users\alexa\AppData\Roaming\uv\python\cpython-3.11-windows-x86_64-none\Lib\tarfile.py", line 2748, in next
    raise ReadError("empty file") from None
tarfile.ReadError: empty file
INFO:     Uvicorn running on http://127.0.0.1:8765 (Press CTRL+C to quit)
INFO:     127.0.0.1:56840 - "GET /health HTTP/1.1" 200 OK
INFO:     127.0.0.1:56845 - "WebSocket /ws" [accepted]
INFO:     connection open
2026-07-07 09:54:49,730 INFO google_genai.models: AFC is enabled with max remote calls: 10.
